<?xml version="1.0" encoding="UTF-8"?>
<!-- Generated by org.testng.reporters.JUnitXMLReporter -->
<testsuite ignored="0" hostname="DESKTOP-D1QSOC2" failures="0" tests="10" name="Default test" time="82.128" errors="0" timestamp="2022-06-22T15:54:52 IST">
  <testcase classname="co.capstone.runner.Runner" name="featue" time="10.799"/>
  <testcase classname="co.capstone.runner.Runner" name="featue" time="6.713"/>
  <testcase classname="co.capstone.runner.Runner" name="featue" time="6.764"/>
  <testcase classname="co.capstone.runner.Runner" name="featue" time="11.583"/>
  <testcase classname="co.capstone.runner.Runner" name="featue" time="7.145"/>
  <testcase classname="co.capstone.runner.Runner" name="featue" time="6.784"/>
  <testcase classname="co.capstone.runner.Runner" name="featue" time="11.285"/>
  <testcase classname="co.capstone.runner.Runner" name="featue" time="5.674"/>
  <testcase classname="co.capstone.runner.Runner" name="featue" time="6.483"/>
  <testcase classname="co.capstone.runner.Runner" name="featue" time="5.627"/>
</testsuite> <!-- Default test -->
