<?xml version="1.0" encoding="UTF-8"?>
<testng-results ignored="0" total="10" passed="10" failed="0" skipped="0">
  <reporter-output>
  </reporter-output>
  <suite started-at="2022-06-22T15:53:30 IST" name="Default suite" finished-at="2022-06-22T15:54:52 IST" duration-ms="82128">
    <groups>
    </groups>
    <test started-at="2022-06-22T15:53:30 IST" name="Default test" finished-at="2022-06-22T15:54:52 IST" duration-ms="82128">
      <class name="co.capstone.runner.Runner">
        <test-method is-config="true" signature="setup()[pri:0, instance:co.capstone.runner.Runner@50dfbc58]" started-at="2022-06-22T15:53:30 IST" name="setup" finished-at="2022-06-22T15:53:31 IST" duration-ms="1019" status="PASS">
          <reporter-output>
          </reporter-output>
        </test-method> <!-- setup -->
        <test-method signature="featue(io.cucumber.testng.PickleWrapper,io.cucumber.testng.FeatureWrapper)[pri:0, instance:co.capstone.runner.Runner@50dfbc58]" started-at="2022-06-22T15:53:31 IST" name="featue" data-provider="features" finished-at="2022-06-22T15:53:42 IST" duration-ms="10799" status="PASS">
          <params>
            <param index="0">
              <value>
                <![CDATA["verification of editing link in docs page"]]>
              </value>
            </param>
            <param index="1">
              <value>
                <![CDATA["Docspage feature"]]>
              </value>
            </param>
          </params>
          <reporter-output>
          </reporter-output>
        </test-method> <!-- featue -->
        <test-method signature="featue(io.cucumber.testng.PickleWrapper,io.cucumber.testng.FeatureWrapper)[pri:0, instance:co.capstone.runner.Runner@50dfbc58]" started-at="2022-06-22T15:53:42 IST" name="featue" data-provider="features" finished-at="2022-06-22T15:53:49 IST" duration-ms="6713" status="PASS">
          <params>
            <param index="0">
              <value>
                <![CDATA["verification of tutorial link in docs page"]]>
              </value>
            </param>
            <param index="1">
              <value>
                <![CDATA["Docspage feature"]]>
              </value>
            </param>
          </params>
          <reporter-output>
          </reporter-output>
        </test-method> <!-- featue -->
        <test-method signature="featue(io.cucumber.testng.PickleWrapper,io.cucumber.testng.FeatureWrapper)[pri:0, instance:co.capstone.runner.Runner@50dfbc58]" started-at="2022-06-22T15:53:49 IST" name="featue" data-provider="features" finished-at="2022-06-22T15:53:56 IST" duration-ms="6764" status="PASS">
          <params>
            <param index="0">
              <value>
                <![CDATA["verification of next button in setup page"]]>
              </value>
            </param>
            <param index="1">
              <value>
                <![CDATA["Docspage feature"]]>
              </value>
            </param>
          </params>
          <reporter-output>
          </reporter-output>
        </test-method> <!-- featue -->
        <test-method signature="featue(io.cucumber.testng.PickleWrapper,io.cucumber.testng.FeatureWrapper)[pri:0, instance:co.capstone.runner.Runner@50dfbc58]" started-at="2022-06-22T15:53:56 IST" name="featue" data-provider="features" finished-at="2022-06-22T15:54:07 IST" duration-ms="11583" status="PASS">
          <params>
            <param index="0">
              <value>
                <![CDATA["verification of back button in setup page"]]>
              </value>
            </param>
            <param index="1">
              <value>
                <![CDATA["Docspage feature"]]>
              </value>
            </param>
          </params>
          <reporter-output>
          </reporter-output>
        </test-method> <!-- featue -->
        <test-method signature="featue(io.cucumber.testng.PickleWrapper,io.cucumber.testng.FeatureWrapper)[pri:0, instance:co.capstone.runner.Runner@50dfbc58]" started-at="2022-06-22T15:54:07 IST" name="featue" data-provider="features" finished-at="2022-06-22T15:54:15 IST" duration-ms="7145" status="PASS">
          <params>
            <param index="0">
              <value>
                <![CDATA["verification of data file link in setup page"]]>
              </value>
            </param>
            <param index="1">
              <value>
                <![CDATA["Docspage feature"]]>
              </value>
            </param>
          </params>
          <reporter-output>
          </reporter-output>
        </test-method> <!-- featue -->
        <test-method signature="featue(io.cucumber.testng.PickleWrapper,io.cucumber.testng.FeatureWrapper)[pri:0, instance:co.capstone.runner.Runner@50dfbc58]" started-at="2022-06-22T15:54:15 IST" name="featue" data-provider="features" finished-at="2022-06-22T15:54:21 IST" duration-ms="6784" status="PASS">
          <params>
            <param index="0">
              <value>
                <![CDATA["verification of news button"]]>
              </value>
            </param>
            <param index="1">
              <value>
                <![CDATA["Homepage feature"]]>
              </value>
            </param>
          </params>
          <reporter-output>
          </reporter-output>
        </test-method> <!-- featue -->
        <test-method signature="featue(io.cucumber.testng.PickleWrapper,io.cucumber.testng.FeatureWrapper)[pri:0, instance:co.capstone.runner.Runner@50dfbc58]" started-at="2022-06-22T15:54:21 IST" name="featue" data-provider="features" finished-at="2022-06-22T15:54:33 IST" duration-ms="11285" status="PASS">
          <params>
            <param index="0">
              <value>
                <![CDATA["verification of Github button"]]>
              </value>
            </param>
            <param index="1">
              <value>
                <![CDATA["Homepage feature"]]>
              </value>
            </param>
          </params>
          <reporter-output>
          </reporter-output>
        </test-method> <!-- featue -->
        <test-method signature="featue(io.cucumber.testng.PickleWrapper,io.cucumber.testng.FeatureWrapper)[pri:0, instance:co.capstone.runner.Runner@50dfbc58]" started-at="2022-06-22T15:54:33 IST" name="featue" data-provider="features" finished-at="2022-06-22T15:54:38 IST" duration-ms="5674" status="PASS">
          <params>
            <param index="0">
              <value>
                <![CDATA["verification of Docs butotn"]]>
              </value>
            </param>
            <param index="1">
              <value>
                <![CDATA["Homepage feature"]]>
              </value>
            </param>
          </params>
          <reporter-output>
          </reporter-output>
        </test-method> <!-- featue -->
        <test-method signature="featue(io.cucumber.testng.PickleWrapper,io.cucumber.testng.FeatureWrapper)[pri:0, instance:co.capstone.runner.Runner@50dfbc58]" started-at="2022-06-22T15:54:38 IST" name="featue" data-provider="features" finished-at="2022-06-22T15:54:45 IST" duration-ms="6483" status="PASS">
          <params>
            <param index="0">
              <value>
                <![CDATA["verification of resource button"]]>
              </value>
            </param>
            <param index="1">
              <value>
                <![CDATA["Homepage feature"]]>
              </value>
            </param>
          </params>
          <reporter-output>
          </reporter-output>
        </test-method> <!-- featue -->
        <test-method signature="featue(io.cucumber.testng.PickleWrapper,io.cucumber.testng.FeatureWrapper)[pri:0, instance:co.capstone.runner.Runner@50dfbc58]" started-at="2022-06-22T15:54:45 IST" name="featue" data-provider="features" finished-at="2022-06-22T15:54:50 IST" duration-ms="5627" status="PASS">
          <params>
            <param index="0">
              <value>
                <![CDATA["verification of the Showcase button"]]>
              </value>
            </param>
            <param index="1">
              <value>
                <![CDATA["Homepage feature"]]>
              </value>
            </param>
          </params>
          <reporter-output>
          </reporter-output>
        </test-method> <!-- featue -->
        <test-method is-config="true" signature="tearDown()[pri:0, instance:co.capstone.runner.Runner@50dfbc58]" started-at="2022-06-22T15:54:50 IST" name="tearDown" finished-at="2022-06-22T15:54:52 IST" duration-ms="1883" status="PASS">
          <reporter-output>
          </reporter-output>
        </test-method> <!-- tearDown -->
      </class> <!-- co.capstone.runner.Runner -->
    </test> <!-- Default test -->
  </suite> <!-- Default suite -->
</testng-results>
